INFO [12-12|16:19:52.848] Maximum peer count                       ETH=25 LES=0 total=25
INFO [12-12|16:19:52.853] Starting peer-to-peer node               instance=Geth/v1.8.18-stable-58632d44/windows-amd64/go1.11.2
INFO [12-12|16:19:52.853] Allocated cache and file handles         database=E:\\dharmil\\Task\\Solidity_task\\privatenetworkcodes\\communication_within_same_pc\\testing\\node1\\geth\\chaindata cache=768 handles=1024
INFO [12-12|16:19:53.569] Initialised chain configuration          config="{ChainID: 1111 Homestead: 1 DAO: <nil> DAOSupport: false EIP150: 2 EIP155: 3 EIP158: 3 Byzantium: 4 Constantinople: <nil> Engine: ethash}"
INFO [12-12|16:19:53.570] Disk storage enabled for ethash caches   dir=E:\\dharmil\\Task\\Solidity_task\\privatenetworkcodes\\communication_within_same_pc\\testing\\node1\\geth\\ethash count=3
INFO [12-12|16:19:53.570] Disk storage enabled for ethash DAGs     dir=C:\\Users\\JBSPL-0081\\AppData\\Ethash                                                                            count=2
INFO [12-12|16:19:53.570] Initialising Ethereum protocol           versions="[63 62]" network=1111
INFO [12-12|16:19:53.572] Loaded most recent local header          number=880 hash=32a3c4…13385f td=455814876 age=3h44m58s
INFO [12-12|16:19:53.572] Loaded most recent local full block      number=880 hash=32a3c4…13385f td=455814876 age=3h44m58s
INFO [12-12|16:19:53.572] Loaded most recent local fast block      number=880 hash=32a3c4…13385f td=455814876 age=3h44m58s
INFO [12-12|16:19:53.573] Loaded local transaction journal         transactions=1 dropped=1
INFO [12-12|16:19:53.576] Regenerated local transaction journal    transactions=0 accounts=0
WARN [12-12|16:19:53.576] Blockchain not empty, fast sync disabled 
INFO [12-12|16:19:54.115] New local node record                    seq=30 id=b16dec07b19c1717 ip=127.0.0.1 udp=30303 tcp=30303
INFO [12-12|16:19:54.115] Started P2P networking                   self=enode://0abbad3af66cadbac3447dfa0af820e45935449292005e01dfc11ee27f64375e702f767d79a6b5c23c3453581faccc289de1635aafc8ee72751847521367f44c@127.0.0.1:30303
INFO [12-12|16:19:54.143] IPC endpoint opened                      url=\\\\.\\pipe\\geth.ipc
INFO [12-12|16:19:54.143] HTTP endpoint opened                     url=http://127.0.0.1:8545 cors=* vhosts=localhost
INFO [12-12|16:19:54.284] Etherbase automatically configured       address=0xC7921DdB64Bd3831285042e579E6A8AD20878E42
INFO [12-12|16:19:56.425] Mapped network port                      proto=tcp extport=30303 intport=30303 interface="UPNP IGDv1-IP1"
INFO [12-12|16:19:56.434] Mapped network port                      proto=udp extport=30303 intport=30303 interface="UPNP IGDv1-IP1"
INFO [12-12|16:19:56.436] New local node record                    seq=31 id=b16dec07b19c1717 ip=123.201.19.121 udp=30303 tcp=30303
INFO [12-12|16:20:50.650] Updated mining threads                   threads=1
INFO [12-12|16:20:50.650] Transaction pool price threshold updated price=1000000000
INFO [12-12|16:20:50.650] Commit new mining work                   number=881 sealhash=54afcd…d443f5 uncles=0 txs=0 gas=0 fees=0 elapsed=0s
INFO [12-12|16:21:44.694] Setting new local account                address=0xC7921DdB64Bd3831285042e579E6A8AD20878E42
INFO [12-12|16:21:44.701] Submitted contract creation              fullhash=0x1a971e1f4d33392b27b4c012b69ce6e5526a074d9f2f7a01aac816b13f281735 contract=0x15adeD2140909f8FCf65ddF8638713DffD987b10
INFO [12-12|16:21:47.664] Commit new mining work                   number=881 sealhash=5288e9…5ee39f uncles=0 txs=1 gas=324033 fees=0.000324033 elapsed=880.1µs
INFO [12-12|16:22:21.058] Updated mining threads                   threads=1
INFO [12-12|16:22:42.788] Updated mining threads                   threads=8
INFO [12-12|16:29:15.311] Updated mining threads                   threads=1
INFO [12-12|16:29:15.311] Transaction pool price threshold updated price=1000000000
INFO [12-12|16:29:15.312] Commit new mining work                   number=881 sealhash=905d5b…56ec75 uncles=0 txs=0 gas=0      fees=0           elapsed=1.006ms
INFO [12-12|16:29:15.426] Commit new mining work                   number=881 sealhash=662350…2cd8c0 uncles=0 txs=1 gas=324033 fees=0.000324033 elapsed=115.265ms
INFO [12-12|16:30:54.840] Updated mining threads                   threads=1
INFO [12-12|16:31:06.081] Updated mining threads                   threads=1
INFO [12-12|16:31:06.280] Updated mining threads                   threads=1
INFO [12-12|16:31:06.489] Updated mining threads                   threads=1
INFO [12-12|16:31:06.715] Updated mining threads                   threads=1
INFO [12-12|16:31:06.908] Updated mining threads                   threads=1
INFO [12-12|16:31:07.213] Updated mining threads                   threads=1
INFO [12-12|16:31:07.432] Updated mining threads                   threads=1
INFO [12-12|16:31:07.644] Updated mining threads                   threads=1
INFO [12-12|16:31:07.830] Updated mining threads                   threads=1
INFO [12-12|16:31:08.024] Updated mining threads                   threads=1
INFO [12-12|16:31:08.208] Updated mining threads                   threads=1
INFO [12-12|16:31:08.375] Updated mining threads                   threads=1
INFO [12-12|16:34:22.162] Updated mining threads                   threads=1
2018/12/12 16:35:37 Unsolicited response received on idle HTTP channel starting with "HTTP/0.0 400 Bad Request\r\nSERVER: TP-LINK Wireless Router WR720N, UPnP/1.0\r\nCONTENT-LENGTH: 50\r\nCONTENT-TYPE: text/html\r\n\r\n<html><body><h1>400 Bad Request</h1></body></html>"; err=<nil>
INFO [12-12|16:41:05.786] Updated mining threads                   threads=1
INFO [12-12|16:48:17.319] Updated mining threads                   threads=1
INFO [12-12|16:48:17.319] Transaction pool price threshold updated price=1000000000
INFO [12-12|16:48:17.319] Commit new mining work                   number=881 sealhash=45ffd1…169008 uncles=0 txs=0 gas=0      fees=0           elapsed=0s
INFO [12-12|16:48:17.320] Commit new mining work                   number=881 sealhash=ec75e8…a471dd uncles=0 txs=1 gas=324033 fees=0.000324033 elapsed=996.1µs
INFO [12-12|16:51:00.498] Updated mining threads                   threads=8
INFO [12-12|16:51:06.133] Successfully sealed new block            number=881 sealhash=ec75e8…a471dd hash=14bd7f…3c72fe elapsed=2m48.812s
INFO [12-12|16:51:06.133] 🔨 mined potential block                  number=881 hash=14bd7f…3c72fe
INFO [12-12|16:51:06.134] Commit new mining work                   number=882 sealhash=f32fcc…240f58 uncles=0 txs=0 gas=0      fees=0           elapsed=997.8µs
INFO [12-12|16:51:07.405] Successfully sealed new block            number=882 sealhash=f32fcc…240f58 hash=500f6b…16a9d4 elapsed=1.271s
INFO [12-12|16:51:07.405] 🔨 mined potential block                  number=882 hash=500f6b…16a9d4
INFO [12-12|16:51:07.407] Commit new mining work                   number=883 sealhash=feba41…2a6024 uncles=0 txs=0 gas=0      fees=0           elapsed=1.416ms
INFO [12-12|16:51:07.587] Successfully sealed new block            number=883 sealhash=feba41…2a6024 hash=b5a596…8d57d7 elapsed=181.917ms
INFO [12-12|16:51:07.587] 🔨 mined potential block                  number=883 hash=b5a596…8d57d7
INFO [12-12|16:51:07.587] Commit new mining work                   number=884 sealhash=868087…c7a273 uncles=0 txs=0 gas=0      fees=0           elapsed=0s
INFO [12-12|16:51:13.144] Successfully sealed new block            number=884 sealhash=868087…c7a273 hash=bf187a…8a4166 elapsed=5.556s
INFO [12-12|16:51:13.145] 🔨 mined potential block                  number=884 hash=bf187a…8a4166
INFO [12-12|16:51:13.145] Commit new mining work                   number=885 sealhash=403646…28bcdd uncles=0 txs=0 gas=0      fees=0           elapsed=0s
INFO [12-12|16:51:14.474] Successfully sealed new block            number=885 sealhash=403646…28bcdd hash=4e2eb2…9bc40b elapsed=1.328s
INFO [12-12|16:51:14.474] 🔨 mined potential block                  number=885 hash=4e2eb2…9bc40b
INFO [12-12|16:51:14.474] Commit new mining work                   number=886 sealhash=bda7cc…679a8a uncles=0 txs=0 gas=0      fees=0           elapsed=0s
INFO [12-12|16:51:14.872] Successfully sealed new block            number=886 sealhash=bda7cc…679a8a hash=ba2098…6cb280 elapsed=398.932ms
INFO [12-12|16:51:14.872] 🔨 mined potential block                  number=886 hash=ba2098…6cb280
INFO [12-12|16:51:14.872] Commit new mining work                   number=887 sealhash=76abb7…34a330 uncles=0 txs=0 gas=0      fees=0           elapsed=0s
INFO [12-12|16:51:15.136] Successfully sealed new block            number=887 sealhash=76abb7…34a330 hash=be5c76…7aae47 elapsed=263.421ms
INFO [12-12|16:51:15.136] 🔨 mined potential block                  number=887 hash=be5c76…7aae47
INFO [12-12|16:51:15.136] Commit new mining work                   number=888 sealhash=385db4…91533c uncles=0 txs=0 gas=0      fees=0           elapsed=0s
INFO [12-12|16:51:15.352] Successfully sealed new block            number=888 sealhash=385db4…91533c hash=95d088…a48a0d elapsed=215.938ms
INFO [12-12|16:51:15.352] 🔗 block reached canonical chain          number=881 hash=14bd7f…3c72fe
INFO [12-12|16:51:15.352] 🔨 mined potential block                  number=888 hash=95d088…a48a0d
INFO [12-12|16:51:15.352] Mining too far in the future             wait=2s
INFO [12-12|16:51:17.353] Commit new mining work                   number=889 sealhash=4b8b44…a5f28c uncles=0 txs=0 gas=0      fees=0           elapsed=2.000s
INFO [12-12|16:51:17.728] Successfully sealed new block            number=889 sealhash=4b8b44…a5f28c hash=61510f…e57151 elapsed=375.697ms
INFO [12-12|16:51:17.728] 🔗 block reached canonical chain          number=882 hash=500f6b…16a9d4
INFO [12-12|16:51:17.728] 🔨 mined potential block                  number=889 hash=61510f…e57151
INFO [12-12|16:51:17.728] Commit new mining work                   number=890 sealhash=b8d632…d42964 uncles=0 txs=0 gas=0      fees=0           elapsed=0s
INFO [12-12|16:51:18.841] Successfully sealed new block            number=890 sealhash=b8d632…d42964 hash=e8f407…e577f3 elapsed=1.112s
INFO [12-12|16:51:18.841] 🔗 block reached canonical chain          number=883 hash=b5a596…8d57d7
INFO [12-12|16:51:18.841] 🔨 mined potential block                  number=890 hash=e8f407…e577f3
INFO [12-12|16:51:18.842] Commit new mining work                   number=891 sealhash=7359ff…63f250 uncles=0 txs=0 gas=0      fees=0           elapsed=997.9µs
INFO [12-12|16:51:21.796] Successfully sealed new block            number=891 sealhash=7359ff…63f250 hash=e19ab7…ce17ad elapsed=2.953s
INFO [12-12|16:51:21.796] 🔗 block reached canonical chain          number=884 hash=bf187a…8a4166
INFO [12-12|16:51:21.797] 🔨 mined potential block                  number=891 hash=e19ab7…ce17ad
INFO [12-12|16:51:21.797] Commit new mining work                   number=892 sealhash=892340…568b68 uncles=0 txs=0 gas=0      fees=0           elapsed=0s
INFO [12-12|16:51:23.408] Successfully sealed new block            number=892 sealhash=892340…568b68 hash=5a36c3…551d15 elapsed=1.611s
INFO [12-12|16:51:23.408] 🔗 block reached canonical chain          number=885 hash=4e2eb2…9bc40b
INFO [12-12|16:51:23.408] 🔨 mined potential block                  number=892 hash=5a36c3…551d15
INFO [12-12|16:51:23.408] Commit new mining work                   number=893 sealhash=c8c6b2…53ab83 uncles=0 txs=0 gas=0      fees=0           elapsed=0s
INFO [12-12|16:51:25.361] Successfully sealed new block            number=893 sealhash=c8c6b2…53ab83 hash=0e038f…05c7a2 elapsed=1.952s
INFO [12-12|16:51:25.361] 🔗 block reached canonical chain          number=886 hash=ba2098…6cb280
INFO [12-12|16:51:25.361] 🔨 mined potential block                  number=893 hash=0e038f…05c7a2
INFO [12-12|16:51:25.361] Commit new mining work                   number=894 sealhash=774327…72ca99 uncles=0 txs=0 gas=0      fees=0           elapsed=0s
INFO [12-12|16:51:31.846] Successfully sealed new block            number=894 sealhash=774327…72ca99 hash=52bc86…08927f elapsed=6.485s
INFO [12-12|16:51:31.846] 🔗 block reached canonical chain          number=887 hash=be5c76…7aae47
INFO [12-12|16:51:31.846] 🔨 mined potential block                  number=894 hash=52bc86…08927f
INFO [12-12|16:51:31.846] Commit new mining work                   number=895 sealhash=1ec67b…9c9b30 uncles=0 txs=0 gas=0      fees=0           elapsed=0s
INFO [12-12|16:51:34.025] Successfully sealed new block            number=895 sealhash=1ec67b…9c9b30 hash=88c441…9a0b45 elapsed=2.178s
INFO [12-12|16:51:34.025] 🔗 block reached canonical chain          number=888 hash=95d088…a48a0d
INFO [12-12|16:51:34.025] 🔨 mined potential block                  number=895 hash=88c441…9a0b45
INFO [12-12|16:51:34.025] Commit new mining work                   number=896 sealhash=c08767…9fd391 uncles=0 txs=0 gas=0      fees=0           elapsed=0s
INFO [12-12|16:51:35.960] Successfully sealed new block            number=896 sealhash=c08767…9fd391 hash=130705…2253c2 elapsed=1.934s
INFO [12-12|16:51:35.960] 🔗 block reached canonical chain          number=889 hash=61510f…e57151
INFO [12-12|16:51:35.960] 🔨 mined potential block                  number=896 hash=130705…2253c2
INFO [12-12|16:51:35.960] Commit new mining work                   number=897 sealhash=859f4d…3f7dd6 uncles=0 txs=0 gas=0      fees=0           elapsed=0s
INFO [12-12|16:51:37.300] Successfully sealed new block            number=897 sealhash=859f4d…3f7dd6 hash=bf15a4…e530e1 elapsed=1.340s
INFO [12-12|16:51:37.300] 🔗 block reached canonical chain          number=890 hash=e8f407…e577f3
INFO [12-12|16:51:37.300] 🔨 mined potential block                  number=897 hash=bf15a4…e530e1
INFO [12-12|16:51:37.300] Commit new mining work                   number=898 sealhash=fb8513…f1460b uncles=0 txs=0 gas=0      fees=0           elapsed=0s
INFO [12-12|16:51:37.877] Successfully sealed new block            number=898 sealhash=fb8513…f1460b hash=84c376…48bff5 elapsed=576.969ms
INFO [12-12|16:51:37.877] 🔗 block reached canonical chain          number=891 hash=e19ab7…ce17ad
INFO [12-12|16:51:37.877] 🔨 mined potential block                  number=898 hash=84c376…48bff5
INFO [12-12|16:51:37.877] Commit new mining work                   number=899 sealhash=6f7cf5…38e02a uncles=0 txs=0 gas=0      fees=0           elapsed=0s
INFO [12-12|16:51:38.352] Successfully sealed new block            number=899 sealhash=6f7cf5…38e02a hash=0b9fe7…7d3ab7 elapsed=474.731ms
INFO [12-12|16:51:38.352] 🔗 block reached canonical chain          number=892 hash=5a36c3…551d15
INFO [12-12|16:51:38.353] 🔨 mined potential block                  number=899 hash=0b9fe7…7d3ab7
INFO [12-12|16:51:38.353] Commit new mining work                   number=900 sealhash=408450…d8d715 uncles=0 txs=0 gas=0      fees=0           elapsed=0s
INFO [12-12|16:51:40.724] Successfully sealed new block            number=900 sealhash=408450…d8d715 hash=31e802…f463fc elapsed=2.371s
INFO [12-12|16:51:40.724] 🔗 block reached canonical chain          number=893 hash=0e038f…05c7a2
INFO [12-12|16:51:40.724] 🔨 mined potential block                  number=900 hash=31e802…f463fc
INFO [12-12|16:51:40.724] Commit new mining work                   number=901 sealhash=cdefdd…80ea6c uncles=0 txs=0 gas=0      fees=0           elapsed=0s
INFO [12-12|16:51:41.558] Successfully sealed new block            number=901 sealhash=cdefdd…80ea6c hash=7d9dce…f30240 elapsed=833.771ms
INFO [12-12|16:51:41.558] 🔗 block reached canonical chain          number=894 hash=52bc86…08927f
INFO [12-12|16:51:41.558] 🔨 mined potential block                  number=901 hash=7d9dce…f30240
INFO [12-12|16:51:41.558] Commit new mining work                   number=902 sealhash=84ab8a…14fb45 uncles=0 txs=0 gas=0      fees=0           elapsed=0s
INFO [12-12|16:51:43.235] Successfully sealed new block            number=902 sealhash=84ab8a…14fb45 hash=ef30c3…77f294 elapsed=1.676s
INFO [12-12|16:51:43.235] 🔗 block reached canonical chain          number=895 hash=88c441…9a0b45
INFO [12-12|16:51:43.235] 🔨 mined potential block                  number=902 hash=ef30c3…77f294
INFO [12-12|16:51:43.235] Commit new mining work                   number=903 sealhash=14e777…a8ee8f uncles=0 txs=0 gas=0      fees=0           elapsed=0s
INFO [12-12|16:51:44.074] Successfully sealed new block            number=903 sealhash=14e777…a8ee8f hash=ab22e9…944c27 elapsed=839.756ms
INFO [12-12|16:51:44.074] 🔗 block reached canonical chain          number=896 hash=130705…2253c2
INFO [12-12|16:51:44.074] 🔨 mined potential block                  number=903 hash=ab22e9…944c27
INFO [12-12|16:51:44.075] Commit new mining work                   number=904 sealhash=4d4c2a…e69c1c uncles=0 txs=0 gas=0      fees=0           elapsed=1.014ms
INFO [12-12|16:51:44.393] Successfully sealed new block            number=904 sealhash=4d4c2a…e69c1c hash=8e4b7a…cebb5e elapsed=317.650ms
INFO [12-12|16:51:44.393] 🔗 block reached canonical chain          number=897 hash=bf15a4…e530e1
INFO [12-12|16:51:44.393] 🔨 mined potential block                  number=904 hash=8e4b7a…cebb5e
INFO [12-12|16:51:44.393] Commit new mining work                   number=905 sealhash=8dfb8d…30abf6 uncles=0 txs=0 gas=0      fees=0           elapsed=0s
INFO [12-12|16:51:45.535] Successfully sealed new block            number=905 sealhash=8dfb8d…30abf6 hash=52c3f6…3332e9 elapsed=1.141s
INFO [12-12|16:51:45.535] 🔗 block reached canonical chain          number=898 hash=84c376…48bff5
INFO [12-12|16:51:45.535] 🔨 mined potential block                  number=905 hash=52c3f6…3332e9
INFO [12-12|16:51:45.535] Commit new mining work                   number=906 sealhash=f662a6…9adf9f uncles=0 txs=0 gas=0      fees=0           elapsed=0s
INFO [12-12|16:51:46.432] Successfully sealed new block            number=906 sealhash=f662a6…9adf9f hash=883f7c…a6bb43 elapsed=896.602ms
INFO [12-12|16:51:46.432] 🔗 block reached canonical chain          number=899 hash=0b9fe7…7d3ab7
INFO [12-12|16:51:46.432] 🔨 mined potential block                  number=906 hash=883f7c…a6bb43
INFO [12-12|16:51:46.432] Commit new mining work                   number=907 sealhash=64ff89…801ee6 uncles=0 txs=0 gas=0      fees=0           elapsed=0s
INFO [12-12|16:51:47.963] Successfully sealed new block            number=907 sealhash=64ff89…801ee6 hash=71cbd4…885b6e elapsed=1.531s
INFO [12-12|16:51:47.963] 🔗 block reached canonical chain          number=900 hash=31e802…f463fc
INFO [12-12|16:51:47.963] 🔨 mined potential block                  number=907 hash=71cbd4…885b6e
INFO [12-12|16:51:47.964] Commit new mining work                   number=908 sealhash=2f62fd…4fe38f uncles=0 txs=0 gas=0      fees=0           elapsed=997.3µs
INFO [12-12|16:51:48.519] Successfully sealed new block            number=908 sealhash=2f62fd…4fe38f hash=faaa88…859581 elapsed=554.030ms
INFO [12-12|16:51:48.519] 🔗 block reached canonical chain          number=901 hash=7d9dce…f30240
INFO [12-12|16:51:48.519] 🔨 mined potential block                  number=908 hash=faaa88…859581
INFO [12-12|16:51:48.519] Commit new mining work                   number=909 sealhash=5a040a…7de44b uncles=0 txs=0 gas=0      fees=0           elapsed=0s
INFO [12-12|16:51:50.476] Successfully sealed new block            number=909 sealhash=5a040a…7de44b hash=094ab2…895115 elapsed=1.957s
INFO [12-12|16:51:50.476] 🔗 block reached canonical chain          number=902 hash=ef30c3…77f294
INFO [12-12|16:51:50.476] 🔨 mined potential block                  number=909 hash=094ab2…895115
INFO [12-12|16:51:50.476] Commit new mining work                   number=910 sealhash=4fa415…a5427a uncles=0 txs=0 gas=0      fees=0           elapsed=0s
INFO [12-12|16:51:51.948] Successfully sealed new block            number=910 sealhash=4fa415…a5427a hash=68b465…1ae415 elapsed=1.472s
INFO [12-12|16:51:51.948] 🔗 block reached canonical chain          number=903 hash=ab22e9…944c27
INFO [12-12|16:51:51.948] 🔨 mined potential block                  number=910 hash=68b465…1ae415
INFO [12-12|16:51:51.948] Commit new mining work                   number=911 sealhash=9b6731…94555c uncles=0 txs=0 gas=0      fees=0           elapsed=0s
INFO [12-12|16:51:53.507] Successfully sealed new block            number=911 sealhash=9b6731…94555c hash=b80e56…97bb46 elapsed=1.558s
INFO [12-12|16:51:53.507] 🔗 block reached canonical chain          number=904 hash=8e4b7a…cebb5e
INFO [12-12|16:51:53.507] 🔨 mined potential block                  number=911 hash=b80e56…97bb46
INFO [12-12|16:51:53.507] Commit new mining work                   number=912 sealhash=62dc64…3e0095 uncles=0 txs=0 gas=0      fees=0           elapsed=0s
INFO [12-12|16:51:53.676] Successfully sealed new block            number=912 sealhash=62dc64…3e0095 hash=2c6652…897b44 elapsed=169.544ms
INFO [12-12|16:51:53.676] 🔗 block reached canonical chain          number=905 hash=52c3f6…3332e9
INFO [12-12|16:51:53.676] 🔨 mined potential block                  number=912 hash=2c6652…897b44
INFO [12-12|16:51:53.677] Commit new mining work                   number=913 sealhash=68c1f9…d04906 uncles=0 txs=0 gas=0      fees=0           elapsed=997.8µs
INFO [12-12|16:51:54.896] Successfully sealed new block            number=913 sealhash=68c1f9…d04906 hash=13ba9a…33f09e elapsed=1.219s
INFO [12-12|16:51:54.896] 🔗 block reached canonical chain          number=906 hash=883f7c…a6bb43
INFO [12-12|16:51:54.896] 🔨 mined potential block                  number=913 hash=13ba9a…33f09e
INFO [12-12|16:51:54.896] Commit new mining work                   number=914 sealhash=a19d21…b75fc1 uncles=0 txs=0 gas=0      fees=0           elapsed=0s
INFO [12-12|16:51:58.475] Successfully sealed new block            number=914 sealhash=a19d21…b75fc1 hash=9bc5ba…7267c0 elapsed=3.578s
INFO [12-12|16:51:58.475] 🔗 block reached canonical chain          number=907 hash=71cbd4…885b6e
INFO [12-12|16:51:58.475] 🔨 mined potential block                  number=914 hash=9bc5ba…7267c0
INFO [12-12|16:51:58.476] Commit new mining work                   number=915 sealhash=1b0a48…1a23d0 uncles=0 txs=0 gas=0      fees=0           elapsed=998.4µs
INFO [12-12|16:52:00.235] Successfully sealed new block            number=915 sealhash=1b0a48…1a23d0 hash=763057…2173e9 elapsed=1.758s
INFO [12-12|16:52:00.235] 🔗 block reached canonical chain          number=908 hash=faaa88…859581
INFO [12-12|16:52:00.235] 🔨 mined potential block                  number=915 hash=763057…2173e9
INFO [12-12|16:52:00.235] Commit new mining work                   number=916 sealhash=d1f419…b25f73 uncles=0 txs=0 gas=0      fees=0           elapsed=0s
INFO [12-12|16:52:00.297] Successfully sealed new block            number=916 sealhash=d1f419…b25f73 hash=1736a5…14f3b4 elapsed=62.344ms
INFO [12-12|16:52:00.297] 🔗 block reached canonical chain          number=909 hash=094ab2…895115
INFO [12-12|16:52:00.297] 🔨 mined potential block                  number=916 hash=1736a5…14f3b4
INFO [12-12|16:52:00.298] Commit new mining work                   number=917 sealhash=37aaa8…f95a48 uncles=0 txs=0 gas=0      fees=0           elapsed=995.6µs
INFO [12-12|16:52:01.398] Successfully sealed new block            number=917 sealhash=37aaa8…f95a48 hash=86269e…12663f elapsed=1.099s
INFO [12-12|16:52:01.398] 🔗 block reached canonical chain          number=910 hash=68b465…1ae415
INFO [12-12|16:52:01.398] 🔨 mined potential block                  number=917 hash=86269e…12663f
INFO [12-12|16:52:01.398] Commit new mining work                   number=918 sealhash=c90dea…964f11 uncles=0 txs=0 gas=0      fees=0           elapsed=0s
INFO [12-12|16:52:01.633] Successfully sealed new block            number=918 sealhash=c90dea…964f11 hash=d489db…b9452d elapsed=235.369ms
INFO [12-12|16:52:01.633] 🔗 block reached canonical chain          number=911 hash=b80e56…97bb46
INFO [12-12|16:52:01.633] 🔨 mined potential block                  number=918 hash=d489db…b9452d
INFO [12-12|16:52:01.633] Mining too far in the future             wait=2s
INFO [12-12|16:52:03.633] Commit new mining work                   number=919 sealhash=10eced…d3473a uncles=0 txs=0 gas=0      fees=0           elapsed=2.000s
INFO [12-12|16:52:04.750] Successfully sealed new block            number=919 sealhash=10eced…d3473a hash=983a8e…5767e7 elapsed=1.116s
INFO [12-12|16:52:04.750] 🔗 block reached canonical chain          number=912 hash=2c6652…897b44
INFO [12-12|16:52:04.750] 🔨 mined potential block                  number=919 hash=983a8e…5767e7
INFO [12-12|16:52:04.750] Commit new mining work                   number=920 sealhash=7800cd…4bb105 uncles=0 txs=0 gas=0      fees=0           elapsed=0s
INFO [12-12|16:52:05.918] Successfully sealed new block            number=920 sealhash=7800cd…4bb105 hash=630ff5…d9a057 elapsed=1.168s
INFO [12-12|16:52:05.918] 🔗 block reached canonical chain          number=913 hash=13ba9a…33f09e
INFO [12-12|16:52:05.918] 🔨 mined potential block                  number=920 hash=630ff5…d9a057
INFO [12-12|16:52:05.918] Commit new mining work                   number=921 sealhash=0431c4…e13120 uncles=0 txs=0 gas=0      fees=0           elapsed=0s
INFO [12-12|16:52:06.007] Successfully sealed new block            number=921 sealhash=0431c4…e13120 hash=cb1ae7…c09df1 elapsed=88.761ms
INFO [12-12|16:52:06.007] 🔗 block reached canonical chain          number=914 hash=9bc5ba…7267c0
INFO [12-12|16:52:06.007] 🔨 mined potential block                  number=921 hash=cb1ae7…c09df1
INFO [12-12|16:52:06.007] Commit new mining work                   number=922 sealhash=d643c9…5b0a68 uncles=0 txs=0 gas=0      fees=0           elapsed=0s
INFO [12-12|16:52:07.315] Successfully sealed new block            number=922 sealhash=d643c9…5b0a68 hash=10bbc3…f16aa7 elapsed=1.308s
INFO [12-12|16:52:07.315] 🔗 block reached canonical chain          number=915 hash=763057…2173e9
INFO [12-12|16:52:07.315] 🔨 mined potential block                  number=922 hash=10bbc3…f16aa7
INFO [12-12|16:52:07.315] Commit new mining work                   number=923 sealhash=de7241…b61443 uncles=0 txs=0 gas=0      fees=0           elapsed=0s
INFO [12-12|16:52:07.599] Successfully sealed new block            number=923 sealhash=de7241…b61443 hash=53e663…858f4b elapsed=284.243ms
INFO [12-12|16:52:07.599] 🔗 block reached canonical chain          number=916 hash=1736a5…14f3b4
INFO [12-12|16:52:07.599] 🔨 mined potential block                  number=923 hash=53e663…858f4b
INFO [12-12|16:52:07.599] Commit new mining work                   number=924 sealhash=c08082…5c4cbb uncles=0 txs=0 gas=0      fees=0           elapsed=0s
INFO [12-12|16:52:11.980] Successfully sealed new block            number=924 sealhash=c08082…5c4cbb hash=e99908…49fd49 elapsed=4.380s
INFO [12-12|16:52:11.980] 🔗 block reached canonical chain          number=917 hash=86269e…12663f
INFO [12-12|16:52:11.980] 🔨 mined potential block                  number=924 hash=e99908…49fd49
INFO [12-12|16:52:11.980] Commit new mining work                   number=925 sealhash=c9e53e…c16aec uncles=0 txs=0 gas=0      fees=0           elapsed=0s
INFO [12-12|16:52:15.781] Successfully sealed new block            number=925 sealhash=c9e53e…c16aec hash=e96168…7f1946 elapsed=3.801s
INFO [12-12|16:52:15.781] 🔗 block reached canonical chain          number=918 hash=d489db…b9452d
INFO [12-12|16:52:15.781] 🔨 mined potential block                  number=925 hash=e96168…7f1946
INFO [12-12|16:52:15.781] Commit new mining work                   number=926 sealhash=c6dc25…f63c59 uncles=0 txs=0 gas=0      fees=0           elapsed=0s
INFO [12-12|16:52:15.979] Successfully sealed new block            number=926 sealhash=c6dc25…f63c59 hash=dbe8f0…ba0c11 elapsed=198.185ms
INFO [12-12|16:52:15.979] 🔗 block reached canonical chain          number=919 hash=983a8e…5767e7
INFO [12-12|16:52:15.980] 🔨 mined potential block                  number=926 hash=dbe8f0…ba0c11
INFO [12-12|16:52:15.980] Commit new mining work                   number=927 sealhash=5b87b1…8603c1 uncles=0 txs=0 gas=0      fees=0           elapsed=0s
INFO [12-12|16:52:18.178] Successfully sealed new block            number=927 sealhash=5b87b1…8603c1 hash=05482e…3d8ede elapsed=2.197s
INFO [12-12|16:52:18.178] 🔗 block reached canonical chain          number=920 hash=630ff5…d9a057
INFO [12-12|16:52:18.178] 🔨 mined potential block                  number=927 hash=05482e…3d8ede
INFO [12-12|16:52:18.178] Commit new mining work                   number=928 sealhash=8f1a69…089fee uncles=0 txs=0 gas=0      fees=0           elapsed=0s
INFO [12-12|16:52:21.018] Successfully sealed new block            number=928 sealhash=8f1a69…089fee hash=971b32…a55721 elapsed=2.839s
INFO [12-12|16:52:21.018] 🔗 block reached canonical chain          number=921 hash=cb1ae7…c09df1
INFO [12-12|16:52:21.018] 🔨 mined potential block                  number=928 hash=971b32…a55721
INFO [12-12|16:52:21.018] Commit new mining work                   number=929 sealhash=6752bf…404dd1 uncles=0 txs=0 gas=0      fees=0           elapsed=0s
INFO [12-12|16:52:22.688] Successfully sealed new block            number=929 sealhash=6752bf…404dd1 hash=e561e2…adf565 elapsed=1.670s
INFO [12-12|16:52:22.688] 🔗 block reached canonical chain          number=922 hash=10bbc3…f16aa7
INFO [12-12|16:52:22.688] 🔨 mined potential block                  number=929 hash=e561e2…adf565
INFO [12-12|16:52:22.688] Commit new mining work                   number=930 sealhash=e376b2…9fbf7b uncles=0 txs=0 gas=0      fees=0           elapsed=0s
INFO [12-12|16:52:22.972] Successfully sealed new block            number=930 sealhash=e376b2…9fbf7b hash=c450eb…7217cf elapsed=283.242ms
INFO [12-12|16:52:22.972] 🔗 block reached canonical chain          number=923 hash=53e663…858f4b
INFO [12-12|16:52:22.972] 🔨 mined potential block                  number=930 hash=c450eb…7217cf
INFO [12-12|16:52:22.973] Commit new mining work                   number=931 sealhash=dbe79f…901d59 uncles=0 txs=0 gas=0      fees=0           elapsed=997.3µs
INFO [12-12|16:52:28.168] Successfully sealed new block            number=931 sealhash=dbe79f…901d59 hash=624780…88ea59 elapsed=5.195s
INFO [12-12|16:52:28.168] 🔗 block reached canonical chain          number=924 hash=e99908…49fd49
INFO [12-12|16:52:28.168] 🔨 mined potential block                  number=931 hash=624780…88ea59
INFO [12-12|16:52:28.168] Commit new mining work                   number=932 sealhash=14cb89…57ebca uncles=0 txs=0 gas=0      fees=0           elapsed=0s
INFO [12-12|16:52:30.029] Successfully sealed new block            number=932 sealhash=14cb89…57ebca hash=7b156b…5b3f1a elapsed=1.860s
INFO [12-12|16:52:30.029] 🔗 block reached canonical chain          number=925 hash=e96168…7f1946
INFO [12-12|16:52:30.029] 🔨 mined potential block                  number=932 hash=7b156b…5b3f1a
INFO [12-12|16:52:30.029] Commit new mining work                   number=933 sealhash=bdd295…dacc04 uncles=0 txs=0 gas=0      fees=0           elapsed=0s
INFO [12-12|16:52:30.211] Successfully sealed new block            number=933 sealhash=bdd295…dacc04 hash=a6c5a4…e028f0 elapsed=182.512ms
INFO [12-12|16:52:30.212] 🔗 block reached canonical chain          number=926 hash=dbe8f0…ba0c11
INFO [12-12|16:52:30.212] 🔨 mined potential block                  number=933 hash=a6c5a4…e028f0
INFO [12-12|16:52:30.212] Commit new mining work                   number=934 sealhash=2c3d36…d99bf4 uncles=0 txs=0 gas=0      fees=0           elapsed=0s
INFO [12-12|16:52:30.302] Successfully sealed new block            number=934 sealhash=2c3d36…d99bf4 hash=ae7cb5…3d82b7 elapsed=89.760ms
INFO [12-12|16:52:30.302] 🔗 block reached canonical chain          number=927 hash=05482e…3d8ede
INFO [12-12|16:52:30.302] 🔨 mined potential block                  number=934 hash=ae7cb5…3d82b7
INFO [12-12|16:52:30.302] Mining too far in the future             wait=2s
INFO [12-12|16:52:32.302] Commit new mining work                   number=935 sealhash=a88929…c5e16a uncles=0 txs=0 gas=0      fees=0           elapsed=2.000s
INFO [12-12|16:52:33.098] Successfully sealed new block            number=935 sealhash=a88929…c5e16a hash=a2f157…56b8dc elapsed=796.108ms
INFO [12-12|16:52:33.098] 🔗 block reached canonical chain          number=928 hash=971b32…a55721
INFO [12-12|16:52:33.098] 🔨 mined potential block                  number=935 hash=a2f157…56b8dc
INFO [12-12|16:52:33.098] Commit new mining work                   number=936 sealhash=23e712…130f5b uncles=0 txs=0 gas=0      fees=0           elapsed=0s
INFO [12-12|16:52:35.863] Successfully sealed new block            number=936 sealhash=23e712…130f5b hash=b66ecb…de94c7 elapsed=2.764s
INFO [12-12|16:52:35.863] 🔗 block reached canonical chain          number=929 hash=e561e2…adf565
INFO [12-12|16:52:35.863] 🔨 mined potential block                  number=936 hash=b66ecb…de94c7
INFO [12-12|16:52:35.863] Commit new mining work                   number=937 sealhash=4131b8…f4dd8a uncles=0 txs=0 gas=0      fees=0           elapsed=0s
INFO [12-12|16:52:35.902] Successfully sealed new block            number=937 sealhash=4131b8…f4dd8a hash=e5c39c…97bfa6 elapsed=38.894ms
INFO [12-12|16:52:35.903] 🔗 block reached canonical chain          number=930 hash=c450eb…7217cf
INFO [12-12|16:52:35.903] 🔨 mined potential block                  number=937 hash=e5c39c…97bfa6
INFO [12-12|16:52:35.903] Commit new mining work                   number=938 sealhash=7b9569…930feb uncles=0 txs=0 gas=0      fees=0           elapsed=0s
INFO [12-12|16:52:36.743] Successfully sealed new block            number=938 sealhash=7b9569…930feb hash=c3a2bc…c15265 elapsed=840.753ms
INFO [12-12|16:52:36.743] 🔗 block reached canonical chain          number=931 hash=624780…88ea59
INFO [12-12|16:52:36.743] 🔨 mined potential block                  number=938 hash=c3a2bc…c15265
INFO [12-12|16:52:36.743] Commit new mining work                   number=939 sealhash=0a4939…002018 uncles=0 txs=0 gas=0      fees=0           elapsed=0s
INFO [12-12|16:52:37.394] Successfully sealed new block            number=939 sealhash=0a4939…002018 hash=a48085…5f7c57 elapsed=650.135ms
INFO [12-12|16:52:37.394] 🔗 block reached canonical chain          number=932 hash=7b156b…5b3f1a
INFO [12-12|16:52:37.394] 🔨 mined potential block                  number=939 hash=a48085…5f7c57
INFO [12-12|16:52:37.394] Commit new mining work                   number=940 sealhash=b071e3…cb6834 uncles=0 txs=0 gas=0      fees=0           elapsed=0s
INFO [12-12|16:52:38.054] Successfully sealed new block            number=940 sealhash=b071e3…cb6834 hash=7e9681…9c8eac elapsed=660.245ms
INFO [12-12|16:52:38.055] 🔗 block reached canonical chain          number=933 hash=a6c5a4…e028f0
INFO [12-12|16:52:38.055] 🔨 mined potential block                  number=940 hash=7e9681…9c8eac
INFO [12-12|16:52:38.055] Commit new mining work                   number=941 sealhash=f49b61…4a413e uncles=0 txs=0 gas=0      fees=0           elapsed=0s
INFO [12-12|16:52:39.687] Successfully sealed new block            number=941 sealhash=f49b61…4a413e hash=e58dcc…9bb5cf elapsed=1.632s
INFO [12-12|16:52:39.687] 🔗 block reached canonical chain          number=934 hash=ae7cb5…3d82b7
INFO [12-12|16:52:39.687] 🔨 mined potential block                  number=941 hash=e58dcc…9bb5cf
INFO [12-12|16:52:39.688] Commit new mining work                   number=942 sealhash=6626c6…0dc3b6 uncles=0 txs=0 gas=0      fees=0           elapsed=996.7µs
INFO [12-12|16:52:40.420] Successfully sealed new block            number=942 sealhash=6626c6…0dc3b6 hash=7f2c1b…a1626d elapsed=731.046ms
INFO [12-12|16:52:40.427] 🔗 block reached canonical chain          number=935 hash=a2f157…56b8dc
INFO [12-12|16:52:40.427] 🔨 mined potential block                  number=942 hash=7f2c1b…a1626d
INFO [12-12|16:52:40.428] Commit new mining work                   number=943 sealhash=487817…bd3d7b uncles=0 txs=0 gas=0      fees=0           elapsed=997.8µs
INFO [12-12|16:52:40.441] Successfully sealed new block            number=943 sealhash=487817…bd3d7b hash=de3b3c…f6bc3c elapsed=12.965ms
INFO [12-12|16:52:40.441] 🔗 block reached canonical chain          number=936 hash=b66ecb…de94c7
INFO [12-12|16:52:40.441] Mining too far in the future             wait=2s
INFO [12-12|16:52:40.441] 🔨 mined potential block                  number=943 hash=de3b3c…f6bc3c
INFO [12-12|16:52:42.443] Commit new mining work                   number=944 sealhash=767a1a…43cddf uncles=0 txs=0 gas=0      fees=0           elapsed=2.001s
INFO [12-12|16:52:43.119] Successfully sealed new block            number=944 sealhash=767a1a…43cddf hash=e624a5…65ac3b elapsed=676.708ms
INFO [12-12|16:52:43.119] 🔗 block reached canonical chain          number=937 hash=e5c39c…97bfa6
INFO [12-12|16:52:43.119] 🔨 mined potential block                  number=944 hash=e624a5…65ac3b
INFO [12-12|16:52:43.119] Commit new mining work                   number=945 sealhash=05b696…0ae8d8 uncles=0 txs=0 gas=0      fees=0           elapsed=0s
INFO [12-12|16:52:44.886] Successfully sealed new block            number=945 sealhash=05b696…0ae8d8 hash=750049…c86ea5 elapsed=1.766s
INFO [12-12|16:52:44.886] 🔗 block reached canonical chain          number=938 hash=c3a2bc…c15265
INFO [12-12|16:52:44.886] 🔨 mined potential block                  number=945 hash=750049…c86ea5
INFO [12-12|16:52:44.886] Commit new mining work                   number=946 sealhash=e724a4…678c89 uncles=0 txs=0 gas=0      fees=0           elapsed=0s
INFO [12-12|16:52:49.479] Successfully sealed new block            number=946 sealhash=e724a4…678c89 hash=821b60…083717 elapsed=4.593s
INFO [12-12|16:52:49.479] 🔗 block reached canonical chain          number=939 hash=a48085…5f7c57
INFO [12-12|16:52:49.479] 🔨 mined potential block                  number=946 hash=821b60…083717
INFO [12-12|16:52:49.479] Commit new mining work                   number=947 sealhash=88f1f2…07af00 uncles=0 txs=0 gas=0      fees=0           elapsed=0s
INFO [12-12|16:52:52.087] Successfully sealed new block            number=947 sealhash=88f1f2…07af00 hash=e86aed…82f0f3 elapsed=2.608s
INFO [12-12|16:52:52.087] 🔗 block reached canonical chain          number=940 hash=7e9681…9c8eac
INFO [12-12|16:52:52.087] 🔨 mined potential block                  number=947 hash=e86aed…82f0f3
INFO [12-12|16:52:52.088] Commit new mining work                   number=948 sealhash=154154…5e861a uncles=0 txs=0 gas=0      fees=0           elapsed=997.3µs
INFO [12-12|16:52:52.594] Successfully sealed new block            number=948 sealhash=154154…5e861a hash=f37c67…b9249f elapsed=506.159ms
INFO [12-12|16:52:52.594] 🔗 block reached canonical chain          number=941 hash=e58dcc…9bb5cf
INFO [12-12|16:52:52.594] 🔨 mined potential block                  number=948 hash=f37c67…b9249f
INFO [12-12|16:52:52.594] Commit new mining work                   number=949 sealhash=aa4d36…a3e15b uncles=0 txs=0 gas=0      fees=0           elapsed=0s
INFO [12-12|16:52:55.164] Successfully sealed new block            number=949 sealhash=aa4d36…a3e15b hash=521379…48667f elapsed=2.570s
INFO [12-12|16:52:55.165] 🔗 block reached canonical chain          number=942 hash=7f2c1b…a1626d
INFO [12-12|16:52:55.165] 🔨 mined potential block                  number=949 hash=521379…48667f
INFO [12-12|16:52:55.165] Commit new mining work                   number=950 sealhash=c13314…bd8b7b uncles=0 txs=0 gas=0      fees=0           elapsed=0s
INFO [12-12|16:52:55.600] Successfully sealed new block            number=950 sealhash=c13314…bd8b7b hash=edb732…fc66dd elapsed=435.347ms
INFO [12-12|16:52:55.600] 🔗 block reached canonical chain          number=943 hash=de3b3c…f6bc3c
INFO [12-12|16:52:55.600] 🔨 mined potential block                  number=950 hash=edb732…fc66dd
INFO [12-12|16:52:55.601] Commit new mining work                   number=951 sealhash=f02b6c…bbd67f uncles=0 txs=0 gas=0      fees=0           elapsed=997.9µs
INFO [12-12|16:52:57.269] Successfully sealed new block            number=951 sealhash=f02b6c…bbd67f hash=0fa6d1…cdf9f8 elapsed=1.668s
INFO [12-12|16:52:57.270] 🔗 block reached canonical chain          number=944 hash=e624a5…65ac3b
INFO [12-12|16:52:57.270] 🔨 mined potential block                  number=951 hash=0fa6d1…cdf9f8
INFO [12-12|16:52:57.270] Commit new mining work                   number=952 sealhash=8445d3…f1886b uncles=0 txs=0 gas=0      fees=0           elapsed=0s
INFO [12-12|16:52:57.615] Successfully sealed new block            number=952 sealhash=8445d3…f1886b hash=70d239…c72430 elapsed=344.08ms
INFO [12-12|16:52:57.615] 🔗 block reached canonical chain          number=945 hash=750049…c86ea5
INFO [12-12|16:52:57.616] 🔨 mined potential block                  number=952 hash=70d239…c72430
INFO [12-12|16:52:57.616] Commit new mining work                   number=953 sealhash=33208e…ce23db uncles=0 txs=0 gas=0      fees=0           elapsed=23.3µs
INFO [12-12|16:53:00.815] Successfully sealed new block            number=953 sealhash=33208e…ce23db hash=ba589a…50b862 elapsed=3.199s
INFO [12-12|16:53:00.815] 🔗 block reached canonical chain          number=946 hash=821b60…083717
INFO [12-12|16:53:00.815] 🔨 mined potential block                  number=953 hash=ba589a…50b862
INFO [12-12|16:53:00.816] Commit new mining work                   number=954 sealhash=d30f70…bde6b1 uncles=0 txs=0 gas=0      fees=0           elapsed=996.1µs
INFO [12-12|16:53:02.302] Successfully sealed new block            number=954 sealhash=d30f70…bde6b1 hash=4559dc…03fc99 elapsed=1.487s
INFO [12-12|16:53:02.302] 🔗 block reached canonical chain          number=947 hash=e86aed…82f0f3
INFO [12-12|16:53:02.302] 🔨 mined potential block                  number=954 hash=4559dc…03fc99
INFO [12-12|16:53:02.302] Commit new mining work                   number=955 sealhash=5973e5…f1a9c6 uncles=0 txs=0 gas=0      fees=0           elapsed=0s
INFO [12-12|16:53:03.076] Successfully sealed new block            number=955 sealhash=5973e5…f1a9c6 hash=47d0b7…340a2c elapsed=773.442ms
INFO [12-12|16:53:03.076] 🔗 block reached canonical chain          number=948 hash=f37c67…b9249f
INFO [12-12|16:53:03.076] 🔨 mined potential block                  number=955 hash=47d0b7…340a2c
INFO [12-12|16:53:03.076] Commit new mining work                   number=956 sealhash=01984c…bb7e73 uncles=0 txs=0 gas=0      fees=0           elapsed=0s
INFO [12-12|16:53:04.055] Successfully sealed new block            number=956 sealhash=01984c…bb7e73 hash=d1bedf…57cb7b elapsed=979.380ms
INFO [12-12|16:53:04.055] 🔗 block reached canonical chain          number=949 hash=521379…48667f
INFO [12-12|16:53:04.055] 🔨 mined potential block                  number=956 hash=d1bedf…57cb7b
INFO [12-12|16:53:04.055] Commit new mining work                   number=957 sealhash=69362c…276a47 uncles=0 txs=0 gas=0      fees=0           elapsed=0s
INFO [12-12|16:53:05.127] Successfully sealed new block            number=957 sealhash=69362c…276a47 hash=ce0e74…a593c2 elapsed=1.071s
INFO [12-12|16:53:05.127] 🔗 block reached canonical chain          number=950 hash=edb732…fc66dd
INFO [12-12|16:53:05.127] 🔨 mined potential block                  number=957 hash=ce0e74…a593c2
INFO [12-12|16:53:05.127] Commit new mining work                   number=958 sealhash=d41df7…23742a uncles=0 txs=0 gas=0      fees=0           elapsed=0s
INFO [12-12|16:53:05.562] Successfully sealed new block            number=958 sealhash=d41df7…23742a hash=14bdd5…e1d775 elapsed=434.836ms
INFO [12-12|16:53:05.562] 🔗 block reached canonical chain          number=951 hash=0fa6d1…cdf9f8
INFO [12-12|16:53:05.562] 🔨 mined potential block                  number=958 hash=14bdd5…e1d775
INFO [12-12|16:53:05.562] Commit new mining work                   number=959 sealhash=bdfaf5…eebdf4 uncles=0 txs=0 gas=0      fees=0           elapsed=0s
INFO [12-12|16:53:07.635] Successfully sealed new block            number=959 sealhash=bdfaf5…eebdf4 hash=3a5fb6…c5a4d1 elapsed=2.073s
INFO [12-12|16:53:07.635] 🔗 block reached canonical chain          number=952 hash=70d239…c72430
INFO [12-12|16:53:07.635] 🔨 mined potential block                  number=959 hash=3a5fb6…c5a4d1
INFO [12-12|16:53:07.635] Commit new mining work                   number=960 sealhash=c44d0c…5636af uncles=0 txs=0 gas=0      fees=0           elapsed=0s
INFO [12-12|16:53:08.629] Successfully sealed new block            number=960 sealhash=c44d0c…5636af hash=11ea11…cd1134 elapsed=994.342ms
INFO [12-12|16:53:08.629] 🔗 block reached canonical chain          number=953 hash=ba589a…50b862
INFO [12-12|16:53:08.629] 🔨 mined potential block                  number=960 hash=11ea11…cd1134
INFO [12-12|16:53:08.629] Commit new mining work                   number=961 sealhash=265345…86427e uncles=0 txs=0 gas=0      fees=0           elapsed=0s
INFO [12-12|16:53:08.828] Successfully sealed new block            number=961 sealhash=265345…86427e hash=b781a8…b8c9c3 elapsed=198.978ms
INFO [12-12|16:53:08.828] 🔗 block reached canonical chain          number=954 hash=4559dc…03fc99
INFO [12-12|16:53:08.829] 🔨 mined potential block                  number=961 hash=b781a8…b8c9c3
INFO [12-12|16:53:08.829] Commit new mining work                   number=962 sealhash=f27ad9…9c1413 uncles=0 txs=0 gas=0      fees=0           elapsed=0s
INFO [12-12|16:53:13.930] Successfully sealed new block            number=962 sealhash=f27ad9…9c1413 hash=f87a03…9e969a elapsed=5.100s
INFO [12-12|16:53:13.930] 🔗 block reached canonical chain          number=955 hash=47d0b7…340a2c
INFO [12-12|16:53:13.930] 🔨 mined potential block                  number=962 hash=f87a03…9e969a
INFO [12-12|16:53:13.930] Commit new mining work                   number=963 sealhash=8b7ab0…1fb3c2 uncles=0 txs=0 gas=0      fees=0           elapsed=0s
INFO [12-12|16:53:14.630] Successfully sealed new block            number=963 sealhash=8b7ab0…1fb3c2 hash=779779…ca66f2 elapsed=700.132ms
INFO [12-12|16:53:14.630] 🔗 block reached canonical chain          number=956 hash=d1bedf…57cb7b
INFO [12-12|16:53:14.630] 🔨 mined potential block                  number=963 hash=779779…ca66f2
INFO [12-12|16:53:14.630] Commit new mining work                   number=964 sealhash=184725…f25503 uncles=0 txs=0 gas=0      fees=0           elapsed=0s
INFO [12-12|16:53:15.603] Successfully sealed new block            number=964 sealhash=184725…f25503 hash=34041f…6726c5 elapsed=972.395ms
INFO [12-12|16:53:15.603] 🔗 block reached canonical chain          number=957 hash=ce0e74…a593c2
INFO [12-12|16:53:15.604] 🔨 mined potential block                  number=964 hash=34041f…6726c5
INFO [12-12|16:53:15.604] Commit new mining work                   number=965 sealhash=6b20c7…20b92c uncles=0 txs=0 gas=0      fees=0           elapsed=0s
INFO [12-12|16:53:24.553] Successfully sealed new block            number=965 sealhash=6b20c7…20b92c hash=fd7df9…dd7fcd elapsed=8.949s
INFO [12-12|16:53:24.553] 🔗 block reached canonical chain          number=958 hash=14bdd5…e1d775
INFO [12-12|16:53:24.553] 🔨 mined potential block                  number=965 hash=fd7df9…dd7fcd
INFO [12-12|16:53:24.553] Commit new mining work                   number=966 sealhash=abb9e7…e15203 uncles=0 txs=0 gas=0      fees=0           elapsed=0s
INFO [12-12|16:53:24.993] Successfully sealed new block            number=966 sealhash=abb9e7…e15203 hash=a1c270…7832c2 elapsed=439.336ms
INFO [12-12|16:53:24.993] 🔗 block reached canonical chain          number=959 hash=3a5fb6…c5a4d1
INFO [12-12|16:53:24.993] 🔨 mined potential block                  number=966 hash=a1c270…7832c2
INFO [12-12|16:53:24.994] Commit new mining work                   number=967 sealhash=6b97ff…4ff8a3 uncles=0 txs=0 gas=0      fees=0           elapsed=997.2µs
INFO [12-12|16:53:25.334] Successfully sealed new block            number=967 sealhash=6b97ff…4ff8a3 hash=e6e2ee…738a0b elapsed=340.601ms
INFO [12-12|16:53:25.334] 🔗 block reached canonical chain          number=960 hash=11ea11…cd1134
INFO [12-12|16:53:25.334] 🔨 mined potential block                  number=967 hash=e6e2ee…738a0b
INFO [12-12|16:53:25.334] Commit new mining work                   number=968 sealhash=dce5be…74c55e uncles=0 txs=0 gas=0      fees=0           elapsed=0s
INFO [12-12|16:53:27.960] Successfully sealed new block            number=968 sealhash=dce5be…74c55e hash=8a5375…aa7d8f elapsed=2.626s
INFO [12-12|16:53:27.960] 🔗 block reached canonical chain          number=961 hash=b781a8…b8c9c3
INFO [12-12|16:53:27.960] 🔨 mined potential block                  number=968 hash=8a5375…aa7d8f
INFO [12-12|16:53:27.960] Commit new mining work                   number=969 sealhash=7a33d4…1088cd uncles=0 txs=0 gas=0      fees=0           elapsed=0s
INFO [12-12|16:53:29.765] Successfully sealed new block            number=969 sealhash=7a33d4…1088cd hash=644fb6…b81a97 elapsed=1.804s
INFO [12-12|16:53:29.766] 🔗 block reached canonical chain          number=962 hash=f87a03…9e969a
INFO [12-12|16:53:29.766] 🔨 mined potential block                  number=969 hash=644fb6…b81a97
INFO [12-12|16:53:29.766] Commit new mining work                   number=970 sealhash=212707…4eef6e uncles=0 txs=0 gas=0      fees=0           elapsed=0s
INFO [12-12|16:53:33.469] Successfully sealed new block            number=970 sealhash=212707…4eef6e hash=aaa009…412616 elapsed=3.702s
INFO [12-12|16:53:33.470] 🔗 block reached canonical chain          number=963 hash=779779…ca66f2
INFO [12-12|16:53:33.470] 🔨 mined potential block                  number=970 hash=aaa009…412616
INFO [12-12|16:53:33.470] Commit new mining work                   number=971 sealhash=6a274a…bc3f19 uncles=0 txs=0 gas=0      fees=0           elapsed=0s
INFO [12-12|16:53:33.623] Successfully sealed new block            number=971 sealhash=6a274a…bc3f19 hash=aa86b0…ace58f elapsed=153.492ms
INFO [12-12|16:53:33.623] 🔗 block reached canonical chain          number=964 hash=34041f…6726c5
INFO [12-12|16:53:33.623] 🔨 mined potential block                  number=971 hash=aa86b0…ace58f
INFO [12-12|16:53:33.624] Commit new mining work                   number=972 sealhash=d6d68f…4d543f uncles=0 txs=0 gas=0      fees=0           elapsed=995µs
INFO [12-12|16:53:34.138] Successfully sealed new block            number=972 sealhash=d6d68f…4d543f hash=b562e2…c3110b elapsed=513.627ms
INFO [12-12|16:53:34.138] 🔗 block reached canonical chain          number=965 hash=fd7df9…dd7fcd
INFO [12-12|16:53:34.138] 🔨 mined potential block                  number=972 hash=b562e2…c3110b
INFO [12-12|16:53:34.138] Commit new mining work                   number=973 sealhash=9b9e68…922300 uncles=0 txs=0 gas=0      fees=0           elapsed=0s
INFO [12-12|16:53:34.242] Successfully sealed new block            number=973 sealhash=9b9e68…922300 hash=f75161…73e462 elapsed=104.233ms
INFO [12-12|16:53:34.242] 🔗 block reached canonical chain          number=966 hash=a1c270…7832c2
INFO [12-12|16:53:34.242] 🔨 mined potential block                  number=973 hash=f75161…73e462
INFO [12-12|16:53:34.242] Mining too far in the future             wait=2s
INFO [12-12|16:53:36.243] Commit new mining work                   number=974 sealhash=affa7d…f18707 uncles=0 txs=0 gas=0      fees=0           elapsed=2.000s
INFO [12-12|16:53:38.600] Successfully sealed new block            number=974 sealhash=affa7d…f18707 hash=dac3c4…8bdd8c elapsed=2.357s
INFO [12-12|16:53:38.600] 🔗 block reached canonical chain          number=967 hash=e6e2ee…738a0b
INFO [12-12|16:53:38.600] 🔨 mined potential block                  number=974 hash=dac3c4…8bdd8c
INFO [12-12|16:53:38.600] Commit new mining work                   number=975 sealhash=3113bd…4fbfe7 uncles=0 txs=0 gas=0      fees=0           elapsed=0s
INFO [12-12|16:53:42.263] Successfully sealed new block            number=975 sealhash=3113bd…4fbfe7 hash=5a1f76…4cec70 elapsed=3.662s
INFO [12-12|16:53:42.263] 🔗 block reached canonical chain          number=968 hash=8a5375…aa7d8f
INFO [12-12|16:53:42.263] 🔨 mined potential block                  number=975 hash=5a1f76…4cec70
INFO [12-12|16:53:42.263] Commit new mining work                   number=976 sealhash=6be9b4…e20aef uncles=0 txs=0 gas=0      fees=0           elapsed=0s
INFO [12-12|16:53:45.308] Successfully sealed new block            number=976 sealhash=6be9b4…e20aef hash=8bdc68…26d979 elapsed=3.045s
INFO [12-12|16:53:45.308] 🔗 block reached canonical chain          number=969 hash=644fb6…b81a97
INFO [12-12|16:53:45.308] 🔨 mined potential block                  number=976 hash=8bdc68…26d979
INFO [12-12|16:53:45.308] Commit new mining work                   number=977 sealhash=604171…e2e199 uncles=0 txs=0 gas=0      fees=0           elapsed=0s
INFO [12-12|16:53:45.354] Successfully sealed new block            number=977 sealhash=604171…e2e199 hash=2949ea…5f30e4 elapsed=45.876ms
INFO [12-12|16:53:45.354] 🔗 block reached canonical chain          number=970 hash=aaa009…412616
INFO [12-12|16:53:45.354] 🔨 mined potential block                  number=977 hash=2949ea…5f30e4
INFO [12-12|16:53:45.354] Commit new mining work                   number=978 sealhash=d5f2a7…1aa698 uncles=0 txs=0 gas=0      fees=0           elapsed=0s
INFO [12-12|16:53:46.056] Successfully sealed new block            number=978 sealhash=d5f2a7…1aa698 hash=f320b5…c698a3 elapsed=702.123ms
INFO [12-12|16:53:46.056] 🔗 block reached canonical chain          number=971 hash=aa86b0…ace58f
INFO [12-12|16:53:46.056] 🔨 mined potential block                  number=978 hash=f320b5…c698a3
INFO [12-12|16:53:46.056] Commit new mining work                   number=979 sealhash=d0a6ea…6b3cda uncles=0 txs=0 gas=0      fees=0           elapsed=0s
INFO [12-12|16:53:46.312] Successfully sealed new block            number=979 sealhash=d0a6ea…6b3cda hash=3a6c79…1b4504 elapsed=255.826ms
INFO [12-12|16:53:46.312] 🔗 block reached canonical chain          number=972 hash=b562e2…c3110b
INFO [12-12|16:53:46.312] Mining too far in the future             wait=2s
INFO [12-12|16:53:46.312] 🔨 mined potential block                  number=979 hash=3a6c79…1b4504
INFO [12-12|16:53:48.313] Commit new mining work                   number=980 sealhash=bc1bcd…26bfc9 uncles=0 txs=0 gas=0      fees=0           elapsed=2.000s
INFO [12-12|16:53:49.418] Successfully sealed new block            number=980 sealhash=bc1bcd…26bfc9 hash=c6e1cf…33a4c8 elapsed=1.104s
INFO [12-12|16:53:49.418] 🔗 block reached canonical chain          number=973 hash=f75161…73e462
INFO [12-12|16:53:49.418] 🔨 mined potential block                  number=980 hash=c6e1cf…33a4c8
INFO [12-12|16:53:49.418] Commit new mining work                   number=981 sealhash=37943a…06cb96 uncles=0 txs=0 gas=0      fees=0           elapsed=0s
INFO [12-12|16:53:50.833] Successfully sealed new block            number=981 sealhash=37943a…06cb96 hash=4e3d94…c73cb8 elapsed=1.415s
INFO [12-12|16:53:50.833] 🔗 block reached canonical chain          number=974 hash=dac3c4…8bdd8c
INFO [12-12|16:53:50.833] 🔨 mined potential block                  number=981 hash=4e3d94…c73cb8
INFO [12-12|16:53:50.833] Commit new mining work                   number=982 sealhash=328dca…a7016f uncles=0 txs=0 gas=0      fees=0           elapsed=0s
INFO [12-12|16:53:52.442] Successfully sealed new block            number=982 sealhash=328dca…a7016f hash=eeb2ff…0e7560 elapsed=1.609s
INFO [12-12|16:53:52.442] 🔗 block reached canonical chain          number=975 hash=5a1f76…4cec70
INFO [12-12|16:53:52.443] 🔨 mined potential block                  number=982 hash=eeb2ff…0e7560
INFO [12-12|16:53:52.443] Commit new mining work                   number=983 sealhash=45bca5…0e5298 uncles=0 txs=0 gas=0      fees=0           elapsed=997.8µs
INFO [12-12|16:53:55.115] Successfully sealed new block            number=983 sealhash=45bca5…0e5298 hash=b1cfa2…db16f2 elapsed=2.671s
INFO [12-12|16:53:55.115] 🔗 block reached canonical chain          number=976 hash=8bdc68…26d979
INFO [12-12|16:53:55.115] 🔨 mined potential block                  number=983 hash=b1cfa2…db16f2
INFO [12-12|16:53:55.115] Commit new mining work                   number=984 sealhash=f9f498…1fc86a uncles=0 txs=0 gas=0      fees=0           elapsed=0s
INFO [12-12|16:53:55.359] Successfully sealed new block            number=984 sealhash=f9f498…1fc86a hash=1b0d7a…1c1af3 elapsed=243.349ms
INFO [12-12|16:53:55.359] 🔗 block reached canonical chain          number=977 hash=2949ea…5f30e4
INFO [12-12|16:53:55.359] 🔨 mined potential block                  number=984 hash=1b0d7a…1c1af3
INFO [12-12|16:53:55.360] Commit new mining work                   number=985 sealhash=dc7a8f…563224 uncles=0 txs=0 gas=0      fees=0           elapsed=997.3µs
INFO [12-12|16:53:57.196] Successfully sealed new block            number=985 sealhash=dc7a8f…563224 hash=f4e070…38bfdf elapsed=1.836s
INFO [12-12|16:53:57.196] 🔗 block reached canonical chain          number=978 hash=f320b5…c698a3
INFO [12-12|16:53:57.196] 🔨 mined potential block                  number=985 hash=f4e070…38bfdf
INFO [12-12|16:53:57.197] Commit new mining work                   number=986 sealhash=0fcdc5…3a5849 uncles=0 txs=0 gas=0      fees=0           elapsed=998.4µs
INFO [12-12|16:53:57.735] Successfully sealed new block            number=986 sealhash=0fcdc5…3a5849 hash=a32295…211047 elapsed=538.559ms
INFO [12-12|16:53:57.735] 🔗 block reached canonical chain          number=979 hash=3a6c79…1b4504
INFO [12-12|16:53:57.735] 🔨 mined potential block                  number=986 hash=a32295…211047
INFO [12-12|16:53:57.735] Commit new mining work                   number=987 sealhash=d48ad9…511ced uncles=0 txs=0 gas=0      fees=0           elapsed=0s
INFO [12-12|16:53:58.157] Successfully sealed new block            number=987 sealhash=d48ad9…511ced hash=88d85c…6ac93f elapsed=421.871ms
INFO [12-12|16:53:58.157] 🔗 block reached canonical chain          number=980 hash=c6e1cf…33a4c8
INFO [12-12|16:53:58.157] 🔨 mined potential block                  number=987 hash=88d85c…6ac93f
INFO [12-12|16:53:58.158] Commit new mining work                   number=988 sealhash=d57599…46ed26 uncles=0 txs=0 gas=0      fees=0           elapsed=997.8µs
INFO [12-12|16:53:58.814] Successfully sealed new block            number=988 sealhash=d57599…46ed26 hash=09ac58…065d92 elapsed=656.244ms
INFO [12-12|16:53:58.814] 🔗 block reached canonical chain          number=981 hash=4e3d94…c73cb8
INFO [12-12|16:53:58.814] 🔨 mined potential block                  number=988 hash=09ac58…065d92
INFO [12-12|16:53:58.814] Mining too far in the future             wait=2s
INFO [12-12|16:54:00.816] Commit new mining work                   number=989 sealhash=ec40e3…6f0b48 uncles=0 txs=0 gas=0      fees=0           elapsed=2.001s
INFO [12-12|16:54:01.386] Successfully sealed new block            number=989 sealhash=ec40e3…6f0b48 hash=821915…f0cc43 elapsed=569.481ms
INFO [12-12|16:54:01.434] 🔗 block reached canonical chain          number=982 hash=eeb2ff…0e7560
INFO [12-12|16:54:01.434] 🔨 mined potential block                  number=989 hash=821915…f0cc43
INFO [12-12|16:54:01.434] Commit new mining work                   number=990 sealhash=289cb5…53f363 uncles=0 txs=0 gas=0      fees=0           elapsed=0s
INFO [12-12|16:54:02.264] Successfully sealed new block            number=990 sealhash=289cb5…53f363 hash=3cdc05…f00a9a elapsed=829.792ms
INFO [12-12|16:54:02.264] 🔗 block reached canonical chain          number=983 hash=b1cfa2…db16f2
INFO [12-12|16:54:02.264] 🔨 mined potential block                  number=990 hash=3cdc05…f00a9a
INFO [12-12|16:54:02.264] Commit new mining work                   number=991 sealhash=6f7ef3…d291e6 uncles=0 txs=0 gas=0      fees=0           elapsed=0s
INFO [12-12|16:54:02.731] Successfully sealed new block            number=991 sealhash=6f7ef3…d291e6 hash=e4d6e8…a791f2 elapsed=467.261ms
INFO [12-12|16:54:02.732] 🔗 block reached canonical chain          number=984 hash=1b0d7a…1c1af3
INFO [12-12|16:54:02.732] 🔨 mined potential block                  number=991 hash=e4d6e8…a791f2
INFO [12-12|16:54:02.732] Commit new mining work                   number=992 sealhash=71e21f…8e7c6d uncles=0 txs=0 gas=0      fees=0           elapsed=0s
INFO [12-12|16:54:03.247] Successfully sealed new block            number=992 sealhash=71e21f…8e7c6d hash=74efca…897706 elapsed=514.626ms
INFO [12-12|16:54:03.247] 🔗 block reached canonical chain          number=985 hash=f4e070…38bfdf
INFO [12-12|16:54:03.247] 🔨 mined potential block                  number=992 hash=74efca…897706
INFO [12-12|16:54:03.247] Commit new mining work                   number=993 sealhash=54d5c2…cd610d uncles=0 txs=0 gas=0      fees=0           elapsed=0s
INFO [12-12|16:54:06.207] Successfully sealed new block            number=993 sealhash=54d5c2…cd610d hash=2dcafa…6f4290 elapsed=2.960s
INFO [12-12|16:54:06.207] 🔗 block reached canonical chain          number=986 hash=a32295…211047
INFO [12-12|16:54:06.207] 🔨 mined potential block                  number=993 hash=2dcafa…6f4290
INFO [12-12|16:54:06.207] Commit new mining work                   number=994 sealhash=43d834…91643f uncles=0 txs=0 gas=0      fees=0           elapsed=0s
INFO [12-12|16:54:06.505] Successfully sealed new block            number=994 sealhash=43d834…91643f hash=27c6a8…74f0d2 elapsed=297.204ms
INFO [12-12|16:54:06.505] 🔗 block reached canonical chain          number=987 hash=88d85c…6ac93f
INFO [12-12|16:54:06.505] 🔨 mined potential block                  number=994 hash=27c6a8…74f0d2
INFO [12-12|16:54:06.505] Commit new mining work                   number=995 sealhash=2d17b6…7b72bb uncles=0 txs=0 gas=0      fees=0           elapsed=0s
INFO [12-12|16:54:07.455] Successfully sealed new block            number=995 sealhash=2d17b6…7b72bb hash=fdfa3a…693608 elapsed=950.765ms
INFO [12-12|16:54:07.455] 🔗 block reached canonical chain          number=988 hash=09ac58…065d92
INFO [12-12|16:54:07.455] 🔨 mined potential block                  number=995 hash=fdfa3a…693608
INFO [12-12|16:54:07.455] Commit new mining work                   number=996 sealhash=4b202d…0e62c2 uncles=0 txs=0 gas=0      fees=0           elapsed=0s
INFO [12-12|16:54:09.090] Successfully sealed new block            number=996 sealhash=4b202d…0e62c2 hash=cad9ea…6c949c elapsed=1.634s
INFO [12-12|16:54:09.091] 🔗 block reached canonical chain          number=989 hash=821915…f0cc43
INFO [12-12|16:54:09.091] 🔨 mined potential block                  number=996 hash=cad9ea…6c949c
INFO [12-12|16:54:09.091] Commit new mining work                   number=997 sealhash=0cada7…119c60 uncles=0 txs=0 gas=0      fees=0           elapsed=0s
INFO [12-12|16:54:10.734] Successfully sealed new block            number=997 sealhash=0cada7…119c60 hash=0cf1e8…019a96 elapsed=1.643s
INFO [12-12|16:54:10.734] 🔗 block reached canonical chain          number=990 hash=3cdc05…f00a9a
INFO [12-12|16:54:10.734] 🔨 mined potential block                  number=997 hash=0cf1e8…019a96
INFO [12-12|16:54:10.734] Commit new mining work                   number=998 sealhash=0cd026…e81118 uncles=0 txs=0 gas=0      fees=0           elapsed=0s
INFO [12-12|16:54:12.962] Successfully sealed new block            number=998 sealhash=0cd026…e81118 hash=52be5e…42d345 elapsed=2.227s
INFO [12-12|16:54:12.962] 🔗 block reached canonical chain          number=991 hash=e4d6e8…a791f2
INFO [12-12|16:54:12.962] 🔨 mined potential block                  number=998 hash=52be5e…42d345
INFO [12-12|16:54:12.962] Commit new mining work                   number=999 sealhash=6f7c14…dd31ea uncles=0 txs=0 gas=0      fees=0           elapsed=0s
INFO [12-12|16:54:18.215] Successfully sealed new block            number=999 sealhash=6f7c14…dd31ea hash=847496…b1747b elapsed=5.252s
INFO [12-12|16:54:18.215] 🔗 block reached canonical chain          number=992 hash=74efca…897706
INFO [12-12|16:54:18.215] 🔨 mined potential block                  number=999 hash=847496…b1747b
INFO [12-12|16:54:18.215] Commit new mining work                   number=1000 sealhash=97e6bc…457c74 uncles=0 txs=0 gas=0      fees=0           elapsed=0s
INFO [12-12|16:54:18.667] Successfully sealed new block            number=1000 sealhash=97e6bc…457c74 hash=65ee42…debd82 elapsed=452.789ms
INFO [12-12|16:54:18.667] 🔗 block reached canonical chain          number=993  hash=2dcafa…6f4290
INFO [12-12|16:54:18.667] 🔨 mined potential block                  number=1000 hash=65ee42…debd82
INFO [12-12|16:54:18.667] Commit new mining work                   number=1001 sealhash=72e154…cd5130 uncles=0 txs=0 gas=0      fees=0           elapsed=0s
INFO [12-12|17:19:53.580] Regenerated local transaction journal    transactions=0 accounts=0
INFO [12-12|18:04:34.666] HTTP endpoint closed                     url=http://127.0.0.1:8545
INFO [12-12|18:04:34.667] IPC endpoint closed                      endpoint=\\\\.\\pipe\\geth.ipc
INFO [12-12|18:04:34.667] Writing cached state to disk             block=1000 hash=65ee42…debd82 root=76f1d0…da8024
INFO [12-12|18:04:34.668] Persisted trie from memory database      nodes=8 size=2.87kB time=1.0012ms gcnodes=0 gcsize=0.00B gctime=0s livenodes=477 livesize=142.56kB
INFO [12-12|18:04:34.668] Writing cached state to disk             block=999  hash=847496…b1747b root=7cd717…ac9217
INFO [12-12|18:04:34.668] Persisted trie from memory database      nodes=4 size=1.20kB time=0s       gcnodes=0 gcsize=0.00B gctime=0s livenodes=473 livesize=141.36kB
INFO [12-12|18:04:34.668] Writing cached state to disk             block=873  hash=3fd01d…70eec0 root=af6800…029cfc
INFO [12-12|18:04:34.668] Persisted trie from memory database      nodes=0 size=0.00B  time=0s       gcnodes=0 gcsize=0.00B gctime=0s livenodes=473 livesize=141.36kB
INFO [12-12|18:04:34.672] Blockchain manager stopped 
INFO [12-12|18:04:34.672] Stopping Ethereum protocol 
INFO [12-12|18:04:34.672] Ethereum protocol stopped 
INFO [12-12|18:04:34.672] Transaction pool stopped 
INFO [12-12|18:04:34.673] Database closed                          database=E:\\dharmil\\Task\\Solidity_task\\privatenetworkcodes\\communication_within_same_pc\\testing\\node1\\geth\\chaindata
